<?xml version="1.0" encoding="UTF-8"?>
<!-- Generated by org.testng.reporters.JUnitReportReporter -->
<testsuite hostname="Yadus-MacBook-Air.local" failures="0" tests="1" name="yadu.Test8" time="9.361" errors="0" timestamp="2024-05-03T10:59:54 IST" skipped="0">
  <testcase classname="yadu.Test8" name="test1" time="9.361"/>
</testsuite> <!-- yadu.Test8 -->
