<?xml version="1.0" encoding="UTF-8"?>
<!-- Generated by org.testng.reporters.JUnitReportReporter -->
<testsuite hostname="Yadus-MacBook-Air.local" failures="0" tests="1" name="tc.Test8" time="7.876" errors="0" timestamp="2024-05-03T11:10:19 IST" skipped="0">
  <testcase classname="tc.Test8" name="test1" time="7.876"/>
</testsuite> <!-- tc.Test8 -->
